[2024-09-12 08:24:20,462] INFO: starting toolbox service... (in ToolboxService:101)
[2024-09-12 08:24:20,483] INFO: ------ loading runtimes ------ (in RuntimeRepository:58)
[2024-09-12 08:24:20,485] INFO: load runtime python (in RuntimeRepository:63)
[2024-09-12 08:24:20,488] INFO:   command:          python (in RuntimeRepository:72)
[2024-09-12 08:24:20,489] INFO:   parameters:       -u (in RuntimeRepository:73)
[2024-09-12 08:24:20,489] INFO:   image:            comp-16-04 (in RuntimeRepository:74)
[2024-09-12 08:24:20,490] INFO:   job factory:      fi.csc.chipster.comp.python.PythonJobFactory (in RuntimeRepository:75)
[2024-09-12 08:24:20,491] INFO:   tools-bin name:   chipster-4.5.2 (in RuntimeRepository:76)
[2024-09-12 08:24:20,491] INFO:   tools-bin path:   tools (in RuntimeRepository:77)
[2024-09-12 08:24:20,492] INFO: load runtime R-4.1.1 (in RuntimeRepository:63)
[2024-09-12 08:24:20,493] INFO:   command:          /mnt/data/chipster/tools-bin/chipster-4.5.2/R-4.1.1/bin/R (in RuntimeRepository:72)
[2024-09-12 08:24:20,494] INFO:   parameters:       --vanilla --quiet (in RuntimeRepository:73)
[2024-09-12 08:24:20,495] INFO:   image:            comp-20-04-r-deps (in RuntimeRepository:74)
[2024-09-12 08:24:20,495] INFO:   job factory:      fi.csc.chipster.comp.r.RJobFactory (in RuntimeRepository:75)
[2024-09-12 08:24:20,496] INFO:   tools-bin name:   chipster-4.5.2 (in RuntimeRepository:76)
[2024-09-12 08:24:20,496] INFO:   tools-bin path:   tools (in RuntimeRepository:77)
[2024-09-12 08:24:20,497] INFO: load runtime R-4.2.3-seurat5 (in RuntimeRepository:63)
[2024-09-12 08:24:20,500] INFO:   command:          /opt/chipster/tools/R-4.2.3/bin/R (in RuntimeRepository:72)
[2024-09-12 08:24:20,501] INFO:   parameters:       --vanilla --quiet (in RuntimeRepository:73)
[2024-09-12 08:24:20,501] INFO:   image:            comp-r-4-2-3-seurat5 (in RuntimeRepository:74)
[2024-09-12 08:24:20,502] INFO:   job factory:      fi.csc.chipster.comp.r.RJobFactory (in RuntimeRepository:75)
[2024-09-12 08:24:20,502] INFO:   tools-bin name:   chipster-4.5.2 (in RuntimeRepository:76)
[2024-09-12 08:24:20,502] INFO:   tools-bin path:   tools-bin (in RuntimeRepository:77)
[2024-09-12 08:24:20,503] INFO: load runtime R-4.1.1-statistics (in RuntimeRepository:63)
[2024-09-12 08:24:20,505] INFO:   command:          /opt/chipster/tools/R-4.1.1-statistics/bin/R (in RuntimeRepository:72)
[2024-09-12 08:24:20,505] INFO:   parameters:       --vanilla --quiet (in RuntimeRepository:73)
[2024-09-12 08:24:20,506] INFO:   image:            comp-20-04-r-deps (in RuntimeRepository:74)
[2024-09-12 08:24:20,506] INFO:   job factory:      fi.csc.chipster.comp.r.RJobFactory (in RuntimeRepository:75)
[2024-09-12 08:24:20,507] INFO:   tools-bin name:   chipster-4.5.2 (in RuntimeRepository:76)
[2024-09-12 08:24:20,507] INFO:   tools-bin path:   tools (in RuntimeRepository:77)
[2024-09-12 08:24:20,508] INFO: load runtime R-4.1.1-asv (in RuntimeRepository:63)
[2024-09-12 08:24:20,509] INFO:   command:          /opt/chipster/tools/R-4.1.1-asv/bin/R (in RuntimeRepository:72)
[2024-09-12 08:24:20,510] INFO:   parameters:       --vanilla --quiet (in RuntimeRepository:73)
[2024-09-12 08:24:20,510] INFO:   image:            comp-20-04-asv (in RuntimeRepository:74)
[2024-09-12 08:24:20,511] INFO:   job factory:      fi.csc.chipster.comp.r.RJobFactory (in RuntimeRepository:75)
[2024-09-12 08:24:20,511] INFO:   tools-bin name:   chipster-4.5.2 (in RuntimeRepository:76)
[2024-09-12 08:24:20,512] INFO:   tools-bin path:   tools (in RuntimeRepository:77)
[2024-09-12 08:24:20,512] INFO: load runtime R-4.2.3-single-cell (in RuntimeRepository:63)
[2024-09-12 08:24:20,514] INFO:   command:          /opt/chipster/tools/R-4.2.3-single-cell/bin/R (in RuntimeRepository:72)
[2024-09-12 08:24:20,514] INFO:   parameters:       --vanilla --quiet (in RuntimeRepository:73)
[2024-09-12 08:24:20,514] INFO:   image:            comp-r-4-2-3-single-cell (in RuntimeRepository:74)
[2024-09-12 08:24:20,515] INFO:   job factory:      fi.csc.chipster.comp.r.RJobFactory (in RuntimeRepository:75)
[2024-09-12 08:24:20,515] INFO:   tools-bin name:   chipster-4.5.2 (in RuntimeRepository:76)
[2024-09-12 08:24:20,517] INFO:   tools-bin path:   tools-bin (in RuntimeRepository:77)
[2024-09-12 08:24:20,517] INFO: load runtime R-3.3.2 (in RuntimeRepository:63)
[2024-09-12 08:24:20,519] INFO:   command:          /opt/chipster/tools/R-3.3.2/bin/R (in RuntimeRepository:72)
[2024-09-12 08:24:20,519] INFO:   parameters:       --vanilla --quiet (in RuntimeRepository:73)
[2024-09-12 08:24:20,519] INFO:   image:            comp-16-04 (in RuntimeRepository:74)
[2024-09-12 08:24:20,520] INFO:   job factory:      fi.csc.chipster.comp.r.RJobFactory (in RuntimeRepository:75)
[2024-09-12 08:24:20,520] INFO:   tools-bin name:   chipster-4.5.2 (in RuntimeRepository:76)
[2024-09-12 08:24:20,520] INFO:   tools-bin path:   tools (in RuntimeRepository:77)
[2024-09-12 08:24:20,521] INFO: load runtime R-4.3.2-single-cell (in RuntimeRepository:63)
[2024-09-12 08:24:20,522] INFO:   command:          /opt/chipster/tools/R-4.3.2-single-cell/bin/R (in RuntimeRepository:72)
[2024-09-12 08:24:20,523] INFO:   parameters:       --vanilla --quiet (in RuntimeRepository:73)
[2024-09-12 08:24:20,523] INFO:   image:            comp-r-4-3-2-single-cell (in RuntimeRepository:74)
[2024-09-12 08:24:20,523] INFO:   job factory:      fi.csc.chipster.comp.r.RJobFactory (in RuntimeRepository:75)
[2024-09-12 08:24:20,524] INFO:   tools-bin name:   chipster-4.5.2 (in RuntimeRepository:76)
[2024-09-12 08:24:20,524] INFO:   tools-bin path:   tools-bin (in RuntimeRepository:77)
[2024-09-12 08:24:20,525] INFO: load runtime R-3.4.3 (in RuntimeRepository:63)
[2024-09-12 08:24:20,526] INFO:   command:          /opt/chipster/tools/R-3.4.3/bin/R (in RuntimeRepository:72)
[2024-09-12 08:24:20,526] INFO:   parameters:       --vanilla --quiet (in RuntimeRepository:73)
[2024-09-12 08:24:20,527] INFO:   image:            comp-16-04 (in RuntimeRepository:74)
[2024-09-12 08:24:20,527] INFO:   job factory:      fi.csc.chipster.comp.r.RJobFactory (in RuntimeRepository:75)
[2024-09-12 08:24:20,527] INFO:   tools-bin name:   chipster-4.5.2 (in RuntimeRepository:76)
[2024-09-12 08:24:20,528] INFO:   tools-bin path:   tools (in RuntimeRepository:77)
[2024-09-12 08:24:20,528] INFO: load runtime R-4.2.3-cellbender (in RuntimeRepository:63)
[2024-09-12 08:24:20,530] INFO:   command:          /opt/chipster/tools/R-4.2.3/bin/R (in RuntimeRepository:72)
[2024-09-12 08:24:20,530] INFO:   parameters:       --vanilla --quiet (in RuntimeRepository:73)
[2024-09-12 08:24:20,531] INFO:   image:            comp-r-4-2-3-cellbender (in RuntimeRepository:74)
[2024-09-12 08:24:20,531] INFO:   job factory:      fi.csc.chipster.comp.r.RJobFactory (in RuntimeRepository:75)
[2024-09-12 08:24:20,531] INFO:   tools-bin name:   chipster-4.5.2 (in RuntimeRepository:76)
[2024-09-12 08:24:20,532] INFO:   tools-bin path:   tools-bin (in RuntimeRepository:77)
[2024-09-12 08:24:20,532] INFO: load runtime R-4.2.0-phyloseq (in RuntimeRepository:63)
[2024-09-12 08:24:20,534] INFO:   command:          /opt/chipster/tools/R-4.2.0-phyloseq/bin/R (in RuntimeRepository:72)
[2024-09-12 08:24:20,534] INFO:   parameters:       --vanilla --quiet (in RuntimeRepository:73)
[2024-09-12 08:24:20,534] INFO:   image:            comp-20-04-phyloseq (in RuntimeRepository:74)
[2024-09-12 08:24:20,535] INFO:   job factory:      fi.csc.chipster.comp.r.RJobFactory (in RuntimeRepository:75)
[2024-09-12 08:24:20,535] INFO:   tools-bin name:   chipster-4.5.2 (in RuntimeRepository:76)
[2024-09-12 08:24:20,535] INFO:   tools-bin path:   tools (in RuntimeRepository:77)
[2024-09-12 08:24:20,536] INFO: load runtime python3 (in RuntimeRepository:63)
[2024-09-12 08:24:20,537] INFO:   command:          python3 (in RuntimeRepository:72)
[2024-09-12 08:24:20,537] INFO:   parameters:       -u (in RuntimeRepository:73)
[2024-09-12 08:24:20,538] INFO:   image:            comp-20-04-python (in RuntimeRepository:74)
[2024-09-12 08:24:20,538] INFO:   job factory:      fi.csc.chipster.comp.python.PythonJobFactory (in RuntimeRepository:75)
[2024-09-12 08:24:20,539] INFO:   tools-bin name:   chipster-4.5.2 (in RuntimeRepository:76)
[2024-09-12 08:24:20,539] INFO:   tools-bin path:   tools (in RuntimeRepository:77)
[2024-09-12 08:24:20,540] INFO: load runtime R (in RuntimeRepository:63)
[2024-09-12 08:24:20,541] INFO:   command:          /opt/chipster/tools/R-3.2.3/bin/R (in RuntimeRepository:72)
[2024-09-12 08:24:20,541] INFO:   parameters:       --vanilla --quiet (in RuntimeRepository:73)
[2024-09-12 08:24:20,542] INFO:   image:            comp-16-04 (in RuntimeRepository:74)
[2024-09-12 08:24:20,542] INFO:   job factory:      fi.csc.chipster.comp.r.RJobFactory (in RuntimeRepository:75)
[2024-09-12 08:24:20,542] INFO:   tools-bin name:   chipster-4.5.2 (in RuntimeRepository:76)
[2024-09-12 08:24:20,543] INFO:   tools-bin path:   tools (in RuntimeRepository:77)
[2024-09-12 08:24:20,543] INFO: load runtime java (in RuntimeRepository:63)
[2024-09-12 08:24:20,545] INFO:   command:           (in RuntimeRepository:72)
[2024-09-12 08:24:20,545] INFO:   parameters:        (in RuntimeRepository:73)
[2024-09-12 08:24:20,545] INFO:   image:            comp-16-04 (in RuntimeRepository:74)
[2024-09-12 08:24:20,545] INFO:   job factory:      fi.csc.chipster.comp.java.JavaJobFactory (in RuntimeRepository:75)
[2024-09-12 08:24:20,546] INFO:   tools-bin name:   chipster-4.5.2 (in RuntimeRepository:76)
[2024-09-12 08:24:20,546] INFO:   tools-bin path:   tools (in RuntimeRepository:77)
[2024-09-12 08:24:20,546] INFO: load runtime R-4.1.1-fastqc (in RuntimeRepository:63)
[2024-09-12 08:24:20,548] INFO:   command:          /opt/chipster/tools/R-4.1.1/bin/R (in RuntimeRepository:72)
[2024-09-12 08:24:20,548] INFO:   parameters:       --vanilla --quiet (in RuntimeRepository:73)
[2024-09-12 08:24:20,548] INFO:   image:            comp-20-04-fastqc (in RuntimeRepository:74)
[2024-09-12 08:24:20,549] INFO:   job factory:      fi.csc.chipster.comp.r.RJobFactory (in RuntimeRepository:75)
[2024-09-12 08:24:20,549] INFO:   tools-bin name:   chipster-4.5.2 (in RuntimeRepository:76)
[2024-09-12 08:24:20,549] INFO:   tools-bin path:   tools (in RuntimeRepository:77)
[2024-09-12 08:24:20,550] INFO: load runtime R-4.2.0-single-cell (in RuntimeRepository:63)
[2024-09-12 08:24:20,551] INFO:   command:          /opt/chipster/tools/R-4.2.0-single-cell/bin/R (in RuntimeRepository:72)
[2024-09-12 08:24:20,551] INFO:   parameters:       --vanilla --quiet (in RuntimeRepository:73)
[2024-09-12 08:24:20,551] INFO:   image:            comp-20-04-single-cell (in RuntimeRepository:74)
[2024-09-12 08:24:20,552] INFO:   job factory:      fi.csc.chipster.comp.r.RJobFactory (in RuntimeRepository:75)
[2024-09-12 08:24:20,552] INFO:   tools-bin name:   chipster-4.5.2 (in RuntimeRepository:76)
[2024-09-12 08:24:20,552] INFO:   tools-bin path:   tools (in RuntimeRepository:77)
[2024-09-12 08:24:20,553] INFO: load runtime R-4.3.2 (in RuntimeRepository:63)
[2024-09-12 08:24:20,554] INFO:   command:          /opt/chipster/tools/R-4.3.2/bin/R (in RuntimeRepository:72)
[2024-09-12 08:24:20,554] INFO:   parameters:       --vanilla --quiet (in RuntimeRepository:73)
[2024-09-12 08:24:20,554] INFO:   image:            comp-r-4-3-2 (in RuntimeRepository:74)
[2024-09-12 08:24:20,555] INFO:   job factory:      fi.csc.chipster.comp.r.RJobFactory (in RuntimeRepository:75)
[2024-09-12 08:24:20,555] INFO:   tools-bin name:   chipster-4.5.2 (in RuntimeRepository:76)
[2024-09-12 08:24:20,555] INFO:   tools-bin path:   tools-bin (in RuntimeRepository:77)
[2024-09-12 08:24:20,556] INFO: load runtime R-4.2.3 (in RuntimeRepository:63)
[2024-09-12 08:24:20,557] INFO:   command:          /opt/chipster/tools/R-4.2.3/bin/R (in RuntimeRepository:72)
[2024-09-12 08:24:20,557] INFO:   parameters:       --vanilla --quiet (in RuntimeRepository:73)
[2024-09-12 08:24:20,558] INFO:   image:            comp-r-4-2-3 (in RuntimeRepository:74)
[2024-09-12 08:24:20,558] INFO:   job factory:      fi.csc.chipster.comp.r.RJobFactory (in RuntimeRepository:75)
[2024-09-12 08:24:20,558] INFO:   tools-bin name:   chipster-4.5.2 (in RuntimeRepository:76)
[2024-09-12 08:24:20,559] INFO:   tools-bin path:   tools-bin (in RuntimeRepository:77)